
ROM used: 6324 (19%)
          6324 (19%) including unused fragments

          2 Average locations per line
          7 Average locations per statement

RAM used: 180 (9%) at main() level
          259 (13%) worst case

Stack used: 5 worst case (out of 31 total available)

Lines Stmts  %   Files
----- ----- ---  -----
   21     9   1  main.c
   56     0   0  main.h
  413     0   0  ..\..\..\..\..\..\..\Program Files (x86)\PICC\devices\30F4011.h
 2172   898  93  ..\..\..\..\..\..\..\Program Files (x86)\PICC\drivers\MATH.H
   50    35   4  interrupt.c
   72    26   3  function.c
----- -----
 2784   968 Total

Page ROM  %  RAM   Vol Diff  Functions:
---- --- --- ---   --- ----  ----------
0    344   3  21  1127 10.5  CEIL_FLOOR
0    104   1   8             @FLT
0     44   0   4             @SFTOI
0     58   0   2             @ITOF
0    202   2   8             @DIVFF
0    416   3   8             @ADDFF
0    190   2   8             @MULFF
0    574   5  37  1117 10.5  CEIL_FLOOR
0    132   1   0             @FLT64
0     86   1   0             @F64TOI64
0    100   1   0             @I64TOF64
0    264   2   8             @DIVFF64
0    476   4   8             @ADDFF64
0    270   2   0             @MULFF64
0     18   0   4    44  1.9  floor
0     20   0   4    44  1.9  ceil
0     26   0   8    41  1.6  ceil
0   1828  14   0             @const453
0    118   1   3   428  6.6  TIMER1_isr
0     80   1   0   280  4.1  TIMER2_isr
0    104   1   3   299  5.1  ADC1_isr
 Inline        0   423  2.4  start
 Inline        0     5  1.0  debug_PICkit
 Inline        5   221  2.8  get_adc_val_sen
 Inline        3    78  2.8  time_sin
 Inline        9   150  3.3  time_150
 Inline        5    86  2.1  dac8
0    614   5   9   394  4.1  MAIN

Program metrics:
    Functions               15
    Statements              968
    Comments                443
    Volume (V)              7606
    Difficilty (D)          61.0
    Effort to implement (E) 463730
    Time to implement (T)   7 hours, 9 minutes
    Est Delivered Bugs (B)  2
    Cyclomatic Complexity   26
    Maintainability (MI)    113

 Segment     Used  Free
-----------  ----  ----
00000-00002     4  0  
00004-000FE   252  0  
00100-07FFE  6068  26444  



