
ROM used: 3464 (11%)
          3464 (11%) including unused fragments

          1 Average locations per line
          10 Average locations per statement

RAM used: 68 (3%) at main() level
          97 (5%) worst case

Stack used: 4 worst case (out of 31 total available)

Lines Stmts  %   Files
----- ----- ---  -----
   23     7   2  main.c
   43     0   0  main.h
  464     0   0  ..\..\..\..\..\..\..\Program Files (x86)\PICC\devices\18F4550.h
 2229   257  72  ..\..\..\..\..\..\..\Program Files (x86)\PICC\drivers\math.h
   64    46  13  interrupt.c
   83    49  14  function.c
----- -----
 2906   359 Total

Page ROM  %  RAM   Vol Diff  Functions:
---- --- --- ---   --- ----  ----------
0     58   1   4             @SFTOI
0     54   1   2             @ITOF
0    244   4  11             @MULFF
0    346   5  14             @DIVFF
0     32   0   0             @const218
0     76   1   0             @const224
0    178   3   1   587  6.7  TIMER0_isr
0     58   1   0   176  4.0  TIMER1_isr
0     28   0   0   131  3.9  TIMER2_isr
0    138   2   3   299  5.1  AD_isr
 Inline        0   786  2.4  start
0     42   1   0             @const237
0     36   1   2             @PSTRINGC_9600_31766_31767
 Inline        0   554  4.1  debug_PICkit
0     30   0   0             @const241
0     32   0   3             @PSTRINGCN_9600_31766_31767
0    164   2   9             @PRINTF_LU_9600_31766_31767
0     64   1   5             @FTOSD
0    142   2  13             @DIV3232
0    384   6  13             @PRINTF_L32D_9600_31766_31767FPFPF
0     30   0   0             @const254
0     14   0   0             @const255
0     14   0   0             @const256
 Inline        4   158  3.3  get_val
0     30   0   5             @MUL1616
 Inline        2    36  1.8  time_sin
 Inline        2   181  3.8  time_150
0     54   1   4             @DTOF
0   1010  15   0   110  2.1  MAIN
 Inline        0             @cinit1

Program metrics:
    Functions               10
    Statements              359
    Comments                387
    Volume (V)              4754
    Difficulty (D)          35.0
    Effort to implement (E) 166593
    Time to implement (T)   2 hours, 34 minutes
    Est Delivered Bugs (B)  1
    Cyclomatic Complexity   15
    Maintainability (MI)    70

 Segment     Used  Free
-----------  ----  ----
00000-00002     4  0  
00004-00006     0  4  
00008-000D0   202  0  
000D2-07FFE  3258  29300  



